<?xml version="1.0" encoding="UTF-8"?>
<testng-results skipped="0" failed="0" ignored="0" total="20" passed="20">
  <reporter-output>
  </reporter-output>
  <suite name="Book-flight-module" duration-ms="88923" started-at="2021-02-19T12:44:35Z" finished-at="2021-02-19T12:46:04Z">
    <groups>
    </groups>
    <test name="book-flight-1" duration-ms="31561" started-at="2021-02-19T12:44:35Z" finished-at="2021-02-19T12:45:07Z">
      <class name="com.newtours.tests.BookFlightTest">
        <test-method status="PASS" signature="setupDriver()[pri:0, instance:com.newtours.tests.BookFlightTest@5bc79255]" name="setupDriver" is-config="true" duration-ms="13584" started-at="2021-02-19T12:44:35Z" finished-at="2021-02-19T12:44:49Z">
          <reporter-output>
          </reporter-output>
        </test-method> <!-- setupDriver -->
        <test-method status="PASS" signature="setupParameters(java.lang.String, java.lang.String)[pri:0, instance:com.newtours.tests.BookFlightTest@5bc79255]" name="setupParameters" is-config="true" duration-ms="24" started-at="2021-02-19T12:44:49Z" depends-on-methods="tests.BaseTest.setupDriver" finished-at="2021-02-19T12:44:49Z">
          <params>
            <param index="0">
              <value>
                <![CDATA[1]]>
              </value>
            </param>
            <param index="1">
              <value>
                <![CDATA[$584 USD]]>
              </value>
            </param>
          </params>
          <reporter-output>
          </reporter-output>
        </test-method> <!-- setupParameters -->
        <test-method status="PASS" signature="registrationPage()[pri:0, instance:com.newtours.tests.BookFlightTest@5bc79255]" name="registrationPage" duration-ms="12733" started-at="2021-02-19T12:44:49Z" finished-at="2021-02-19T12:45:02Z">
          <reporter-output>
          </reporter-output>
        </test-method> <!-- registrationPage -->
        <test-method status="PASS" signature="registrationConfirmationPage()[pri:0, instance:com.newtours.tests.BookFlightTest@5bc79255]" name="registrationConfirmationPage" duration-ms="449" started-at="2021-02-19T12:45:02Z" depends-on-methods="com.newtours.tests.BookFlightTest.registrationPage" finished-at="2021-02-19T12:45:02Z">
          <reporter-output>
          </reporter-output>
        </test-method> <!-- registrationConfirmationPage -->
        <test-method status="PASS" signature="flightDetailsPage()[pri:0, instance:com.newtours.tests.BookFlightTest@5bc79255]" name="flightDetailsPage" duration-ms="2032" started-at="2021-02-19T12:45:02Z" depends-on-methods="com.newtours.tests.BookFlightTest.registrationConfirmationPage" finished-at="2021-02-19T12:45:04Z">
          <reporter-output>
          </reporter-output>
        </test-method> <!-- flightDetailsPage -->
        <test-method status="PASS" signature="findFlightPage()[pri:0, instance:com.newtours.tests.BookFlightTest@5bc79255]" name="findFlightPage" duration-ms="1023" started-at="2021-02-19T12:45:04Z" depends-on-methods="com.newtours.tests.BookFlightTest.flightDetailsPage" finished-at="2021-02-19T12:45:05Z">
          <reporter-output>
          </reporter-output>
        </test-method> <!-- findFlightPage -->
        <test-method status="PASS" signature="flightConfirmationPage()[pri:0, instance:com.newtours.tests.BookFlightTest@5bc79255]" name="flightConfirmationPage" duration-ms="653" started-at="2021-02-19T12:45:05Z" depends-on-methods="com.newtours.tests.BookFlightTest.findFlightPage" finished-at="2021-02-19T12:45:06Z">
          <reporter-output>
          </reporter-output>
        </test-method> <!-- flightConfirmationPage -->
        <test-method status="PASS" signature="quit()[pri:0, instance:com.newtours.tests.BookFlightTest@5bc79255]" name="quit" is-config="true" duration-ms="987" started-at="2021-02-19T12:45:06Z" finished-at="2021-02-19T12:45:07Z">
          <reporter-output>
          </reporter-output>
        </test-method> <!-- quit -->
      </class> <!-- com.newtours.tests.BookFlightTest -->
    </test> <!-- book-flight-1 -->
    <test name="book-flight-4" duration-ms="50432" started-at="2021-02-19T12:44:35Z" finished-at="2021-02-19T12:45:26Z">
      <class name="com.newtours.tests.BookFlightTest">
        <test-method status="PASS" signature="setupDriver()[pri:0, instance:com.newtours.tests.BookFlightTest@1c3a4799]" name="setupDriver" is-config="true" duration-ms="35276" started-at="2021-02-19T12:44:35Z" finished-at="2021-02-19T12:45:10Z">
          <reporter-output>
          </reporter-output>
        </test-method> <!-- setupDriver -->
        <test-method status="PASS" signature="setupParameters(java.lang.String, java.lang.String)[pri:0, instance:com.newtours.tests.BookFlightTest@1c3a4799]" name="setupParameters" is-config="true" duration-ms="1" started-at="2021-02-19T12:45:10Z" depends-on-methods="tests.BaseTest.setupDriver" finished-at="2021-02-19T12:45:10Z">
          <params>
            <param index="0">
              <value>
                <![CDATA[4]]>
              </value>
            </param>
            <param index="1">
              <value>
                <![CDATA[$2338 USD]]>
              </value>
            </param>
          </params>
          <reporter-output>
          </reporter-output>
        </test-method> <!-- setupParameters -->
        <test-method status="PASS" signature="registrationPage()[pri:0, instance:com.newtours.tests.BookFlightTest@1c3a4799]" name="registrationPage" duration-ms="9122" started-at="2021-02-19T12:45:10Z" finished-at="2021-02-19T12:45:20Z">
          <reporter-output>
          </reporter-output>
        </test-method> <!-- registrationPage -->
        <test-method status="PASS" signature="registrationConfirmationPage()[pri:0, instance:com.newtours.tests.BookFlightTest@1c3a4799]" name="registrationConfirmationPage" duration-ms="420" started-at="2021-02-19T12:45:20Z" depends-on-methods="com.newtours.tests.BookFlightTest.registrationPage" finished-at="2021-02-19T12:45:20Z">
          <reporter-output>
          </reporter-output>
        </test-method> <!-- registrationConfirmationPage -->
        <test-method status="PASS" signature="flightDetailsPage()[pri:0, instance:com.newtours.tests.BookFlightTest@1c3a4799]" name="flightDetailsPage" duration-ms="2489" started-at="2021-02-19T12:45:20Z" depends-on-methods="com.newtours.tests.BookFlightTest.registrationConfirmationPage" finished-at="2021-02-19T12:45:22Z">
          <reporter-output>
          </reporter-output>
        </test-method> <!-- flightDetailsPage -->
        <test-method status="PASS" signature="findFlightPage()[pri:0, instance:com.newtours.tests.BookFlightTest@1c3a4799]" name="findFlightPage" duration-ms="1152" started-at="2021-02-19T12:45:22Z" depends-on-methods="com.newtours.tests.BookFlightTest.flightDetailsPage" finished-at="2021-02-19T12:45:24Z">
          <reporter-output>
          </reporter-output>
        </test-method> <!-- findFlightPage -->
        <test-method status="PASS" signature="flightConfirmationPage()[pri:0, instance:com.newtours.tests.BookFlightTest@1c3a4799]" name="flightConfirmationPage" duration-ms="708" started-at="2021-02-19T12:45:24Z" depends-on-methods="com.newtours.tests.BookFlightTest.findFlightPage" finished-at="2021-02-19T12:45:24Z">
          <reporter-output>
          </reporter-output>
        </test-method> <!-- flightConfirmationPage -->
        <test-method status="PASS" signature="quit()[pri:0, instance:com.newtours.tests.BookFlightTest@1c3a4799]" name="quit" is-config="true" duration-ms="1252" started-at="2021-02-19T12:45:24Z" finished-at="2021-02-19T12:45:26Z">
          <reporter-output>
          </reporter-output>
        </test-method> <!-- quit -->
      </class> <!-- com.newtours.tests.BookFlightTest -->
    </test> <!-- book-flight-4 -->
    <test name="book-flight-2" duration-ms="70401" started-at="2021-02-19T12:44:35Z" finished-at="2021-02-19T12:45:46Z">
      <class name="com.newtours.tests.BookFlightTest">
        <test-method status="PASS" signature="setupDriver()[pri:0, instance:com.newtours.tests.BookFlightTest@30b8a058]" name="setupDriver" is-config="true" duration-ms="54753" started-at="2021-02-19T12:44:35Z" finished-at="2021-02-19T12:45:30Z">
          <reporter-output>
          </reporter-output>
        </test-method> <!-- setupDriver -->
        <test-method status="PASS" signature="setupParameters(java.lang.String, java.lang.String)[pri:0, instance:com.newtours.tests.BookFlightTest@30b8a058]" name="setupParameters" is-config="true" duration-ms="1" started-at="2021-02-19T12:45:30Z" depends-on-methods="tests.BaseTest.setupDriver" finished-at="2021-02-19T12:45:30Z">
          <params>
            <param index="0">
              <value>
                <![CDATA[2]]>
              </value>
            </param>
            <param index="1">
              <value>
                <![CDATA[$1169 USD]]>
              </value>
            </param>
          </params>
          <reporter-output>
          </reporter-output>
        </test-method> <!-- setupParameters -->
        <test-method status="PASS" signature="registrationPage()[pri:0, instance:com.newtours.tests.BookFlightTest@30b8a058]" name="registrationPage" duration-ms="10077" started-at="2021-02-19T12:45:30Z" finished-at="2021-02-19T12:45:40Z">
          <reporter-output>
          </reporter-output>
        </test-method> <!-- registrationPage -->
        <test-method status="PASS" signature="registrationConfirmationPage()[pri:0, instance:com.newtours.tests.BookFlightTest@30b8a058]" name="registrationConfirmationPage" duration-ms="298" started-at="2021-02-19T12:45:40Z" depends-on-methods="com.newtours.tests.BookFlightTest.registrationPage" finished-at="2021-02-19T12:45:40Z">
          <reporter-output>
          </reporter-output>
        </test-method> <!-- registrationConfirmationPage -->
        <test-method status="PASS" signature="flightDetailsPage()[pri:0, instance:com.newtours.tests.BookFlightTest@30b8a058]" name="flightDetailsPage" duration-ms="2479" started-at="2021-02-19T12:45:40Z" depends-on-methods="com.newtours.tests.BookFlightTest.registrationConfirmationPage" finished-at="2021-02-19T12:45:43Z">
          <reporter-output>
          </reporter-output>
        </test-method> <!-- flightDetailsPage -->
        <test-method status="PASS" signature="findFlightPage()[pri:0, instance:com.newtours.tests.BookFlightTest@30b8a058]" name="findFlightPage" duration-ms="852" started-at="2021-02-19T12:45:43Z" depends-on-methods="com.newtours.tests.BookFlightTest.flightDetailsPage" finished-at="2021-02-19T12:45:44Z">
          <reporter-output>
          </reporter-output>
        </test-method> <!-- findFlightPage -->
        <test-method status="PASS" signature="flightConfirmationPage()[pri:0, instance:com.newtours.tests.BookFlightTest@30b8a058]" name="flightConfirmationPage" duration-ms="631" started-at="2021-02-19T12:45:44Z" depends-on-methods="com.newtours.tests.BookFlightTest.findFlightPage" finished-at="2021-02-19T12:45:44Z">
          <reporter-output>
          </reporter-output>
        </test-method> <!-- flightConfirmationPage -->
        <test-method status="PASS" signature="quit()[pri:0, instance:com.newtours.tests.BookFlightTest@30b8a058]" name="quit" is-config="true" duration-ms="1301" started-at="2021-02-19T12:45:44Z" finished-at="2021-02-19T12:45:46Z">
          <reporter-output>
          </reporter-output>
        </test-method> <!-- quit -->
      </class> <!-- com.newtours.tests.BookFlightTest -->
    </test> <!-- book-flight-2 -->
    <test name="book-flight-3" duration-ms="88890" started-at="2021-02-19T12:44:35Z" finished-at="2021-02-19T12:46:04Z">
      <class name="com.newtours.tests.BookFlightTest">
        <test-method status="PASS" signature="setupDriver()[pri:0, instance:com.newtours.tests.BookFlightTest@7d0587f1]" name="setupDriver" is-config="true" duration-ms="73951" started-at="2021-02-19T12:44:35Z" finished-at="2021-02-19T12:45:49Z">
          <reporter-output>
          </reporter-output>
        </test-method> <!-- setupDriver -->
        <test-method status="PASS" signature="setupParameters(java.lang.String, java.lang.String)[pri:0, instance:com.newtours.tests.BookFlightTest@7d0587f1]" name="setupParameters" is-config="true" duration-ms="1" started-at="2021-02-19T12:45:49Z" depends-on-methods="tests.BaseTest.setupDriver" finished-at="2021-02-19T12:45:49Z">
          <params>
            <param index="0">
              <value>
                <![CDATA[3]]>
              </value>
            </param>
            <param index="1">
              <value>
                <![CDATA[$1753 USD]]>
              </value>
            </param>
          </params>
          <reporter-output>
          </reporter-output>
        </test-method> <!-- setupParameters -->
        <test-method status="PASS" signature="registrationPage()[pri:0, instance:com.newtours.tests.BookFlightTest@7d0587f1]" name="registrationPage" duration-ms="9066" started-at="2021-02-19T12:45:49Z" finished-at="2021-02-19T12:45:58Z">
          <reporter-output>
          </reporter-output>
        </test-method> <!-- registrationPage -->
        <test-method status="PASS" signature="registrationConfirmationPage()[pri:0, instance:com.newtours.tests.BookFlightTest@7d0587f1]" name="registrationConfirmationPage" duration-ms="334" started-at="2021-02-19T12:45:58Z" depends-on-methods="com.newtours.tests.BookFlightTest.registrationPage" finished-at="2021-02-19T12:45:59Z">
          <reporter-output>
          </reporter-output>
        </test-method> <!-- registrationConfirmationPage -->
        <test-method status="PASS" signature="flightDetailsPage()[pri:0, instance:com.newtours.tests.BookFlightTest@7d0587f1]" name="flightDetailsPage" duration-ms="2206" started-at="2021-02-19T12:45:59Z" depends-on-methods="com.newtours.tests.BookFlightTest.registrationConfirmationPage" finished-at="2021-02-19T12:46:01Z">
          <reporter-output>
          </reporter-output>
        </test-method> <!-- flightDetailsPage -->
        <test-method status="PASS" signature="findFlightPage()[pri:0, instance:com.newtours.tests.BookFlightTest@7d0587f1]" name="findFlightPage" duration-ms="1312" started-at="2021-02-19T12:46:01Z" depends-on-methods="com.newtours.tests.BookFlightTest.flightDetailsPage" finished-at="2021-02-19T12:46:02Z">
          <reporter-output>
          </reporter-output>
        </test-method> <!-- findFlightPage -->
        <test-method status="PASS" signature="flightConfirmationPage()[pri:0, instance:com.newtours.tests.BookFlightTest@7d0587f1]" name="flightConfirmationPage" duration-ms="661" started-at="2021-02-19T12:46:02Z" depends-on-methods="com.newtours.tests.BookFlightTest.findFlightPage" finished-at="2021-02-19T12:46:03Z">
          <reporter-output>
          </reporter-output>
        </test-method> <!-- flightConfirmationPage -->
        <test-method status="PASS" signature="quit()[pri:0, instance:com.newtours.tests.BookFlightTest@7d0587f1]" name="quit" is-config="true" duration-ms="1351" started-at="2021-02-19T12:46:03Z" finished-at="2021-02-19T12:46:04Z">
          <reporter-output>
          </reporter-output>
        </test-method> <!-- quit -->
      </class> <!-- com.newtours.tests.BookFlightTest -->
    </test> <!-- book-flight-3 -->
  </suite> <!-- Book-flight-module -->
</testng-results>
