<?xml version="1.0" encoding="UTF-8"?>
<testng-results skipped="0" failed="0" ignored="0" total="4" passed="4">
  <reporter-output>
  </reporter-output>
  <suite name="search-module" duration-ms="40360" started-at="2021-02-19T12:44:37Z" finished-at="2021-02-19T12:45:17Z">
    <groups>
    </groups>
    <test name="search-test-webdriver" duration-ms="14644" started-at="2021-02-19T12:44:37Z" finished-at="2021-02-19T12:44:51Z">
      <class name="com.search.tests.SearchTest">
        <test-method status="PASS" signature="setupDriver()[pri:0, instance:com.search.tests.SearchTest@1efed156]" name="setupDriver" is-config="true" duration-ms="5336" started-at="2021-02-19T12:44:37Z" finished-at="2021-02-19T12:44:42Z">
          <reporter-output>
          </reporter-output>
        </test-method> <!-- setupDriver -->
        <test-method status="PASS" signature="search(java.lang.String)[pri:0, instance:com.search.tests.SearchTest@1efed156]" name="search" duration-ms="9204" started-at="2021-02-19T12:44:42Z" finished-at="2021-02-19T12:44:51Z">
          <params>
            <param index="0">
              <value>
                <![CDATA[webdriver]]>
              </value>
            </param>
          </params>
          <reporter-output>
          </reporter-output>
        </test-method> <!-- search -->
        <test-method status="PASS" signature="quit()[pri:0, instance:com.search.tests.SearchTest@1efed156]" name="quit" is-config="true" duration-ms="77" started-at="2021-02-19T12:44:51Z" finished-at="2021-02-19T12:44:51Z">
          <reporter-output>
          </reporter-output>
        </test-method> <!-- quit -->
      </class> <!-- com.search.tests.SearchTest -->
    </test> <!-- search-test-webdriver -->
    <test name="search-test-docker" duration-ms="24293" started-at="2021-02-19T12:44:37Z" finished-at="2021-02-19T12:45:01Z">
      <class name="com.search.tests.SearchTest">
        <test-method status="PASS" signature="setupDriver()[pri:0, instance:com.search.tests.SearchTest@7494e528]" name="setupDriver" is-config="true" duration-ms="15793" started-at="2021-02-19T12:44:37Z" finished-at="2021-02-19T12:44:53Z">
          <reporter-output>
          </reporter-output>
        </test-method> <!-- setupDriver -->
        <test-method status="PASS" signature="search(java.lang.String)[pri:0, instance:com.search.tests.SearchTest@7494e528]" name="search" duration-ms="8426" started-at="2021-02-19T12:44:53Z" finished-at="2021-02-19T12:45:01Z">
          <params>
            <param index="0">
              <value>
                <![CDATA[docker]]>
              </value>
            </param>
          </params>
          <reporter-output>
          </reporter-output>
        </test-method> <!-- search -->
        <test-method status="PASS" signature="quit()[pri:0, instance:com.search.tests.SearchTest@7494e528]" name="quit" is-config="true" duration-ms="72" started-at="2021-02-19T12:45:01Z" finished-at="2021-02-19T12:45:01Z">
          <reporter-output>
          </reporter-output>
        </test-method> <!-- quit -->
      </class> <!-- com.search.tests.SearchTest -->
    </test> <!-- search-test-docker -->
    <test name="search-test-java" duration-ms="32160" started-at="2021-02-19T12:44:37Z" finished-at="2021-02-19T12:45:09Z">
      <class name="com.search.tests.SearchTest">
        <test-method status="PASS" signature="setupDriver()[pri:0, instance:com.search.tests.SearchTest@5b87ed94]" name="setupDriver" is-config="true" duration-ms="25537" started-at="2021-02-19T12:44:37Z" finished-at="2021-02-19T12:45:02Z">
          <reporter-output>
          </reporter-output>
        </test-method> <!-- setupDriver -->
        <test-method status="PASS" signature="search(java.lang.String)[pri:0, instance:com.search.tests.SearchTest@5b87ed94]" name="search" duration-ms="6540" started-at="2021-02-19T12:45:02Z" finished-at="2021-02-19T12:45:09Z">
          <params>
            <param index="0">
              <value>
                <![CDATA[java]]>
              </value>
            </param>
          </params>
          <reporter-output>
          </reporter-output>
        </test-method> <!-- search -->
        <test-method status="PASS" signature="quit()[pri:0, instance:com.search.tests.SearchTest@5b87ed94]" name="quit" is-config="true" duration-ms="81" started-at="2021-02-19T12:45:09Z" finished-at="2021-02-19T12:45:09Z">
          <reporter-output>
          </reporter-output>
        </test-method> <!-- quit -->
      </class> <!-- com.search.tests.SearchTest -->
    </test> <!-- search-test-java -->
    <test name="search-test-kubernetes" duration-ms="40358" started-at="2021-02-19T12:44:37Z" finished-at="2021-02-19T12:45:17Z">
      <class name="com.search.tests.SearchTest">
        <test-method status="PASS" signature="setupDriver()[pri:0, instance:com.search.tests.SearchTest@5e853265]" name="setupDriver" is-config="true" duration-ms="33159" started-at="2021-02-19T12:44:37Z" finished-at="2021-02-19T12:45:10Z">
          <reporter-output>
          </reporter-output>
        </test-method> <!-- setupDriver -->
        <test-method status="PASS" signature="search(java.lang.String)[pri:0, instance:com.search.tests.SearchTest@5e853265]" name="search" duration-ms="7117" started-at="2021-02-19T12:45:10Z" finished-at="2021-02-19T12:45:17Z">
          <params>
            <param index="0">
              <value>
                <![CDATA[kubernetes]]>
              </value>
            </param>
          </params>
          <reporter-output>
          </reporter-output>
        </test-method> <!-- search -->
        <test-method status="PASS" signature="quit()[pri:0, instance:com.search.tests.SearchTest@5e853265]" name="quit" is-config="true" duration-ms="79" started-at="2021-02-19T12:45:17Z" finished-at="2021-02-19T12:45:17Z">
          <reporter-output>
          </reporter-output>
        </test-method> <!-- quit -->
      </class> <!-- com.search.tests.SearchTest -->
    </test> <!-- search-test-kubernetes -->
  </suite> <!-- search-module -->
</testng-results>
